2022-06-09T19:07:55.9858714 INFO User entered: 4 for Quick Sort
2022-06-09T19:38:50.4663364 INFO User entered: 1 for Binary Tree
2022-06-09T20:19:34.7884136 INFO User entered: 1 for Binary Tree
2022-06-09T20:19:59.1282505 INFO User entered: 2 for Bubble Sort
2022-06-09T20:20:09.2732191 INFO User entered: 3 for Insertion Sorter
2022-06-09T20:20:16.4614778 INFO User entered: 4 for Quick Sort
2022-06-10T07:32:12.255714 INFO User entered: 1 for Binary Tree
2022-06-10T07:38:57.0718231 INFO User entered: 1 for Binary Tree
2022-06-10T09:19:56.4739009 INFO User entered: 1 for Binary Tree
2022-06-10T09:20:09.1862966 INFO User entered: 5 for Merge Sort
2022-06-10T10:10:39.1610431 INFO User entered: 5 for Merge Sort
2022-06-10T10:10:50.1198398 INFO User entered: 1 for Binary Tree
2022-06-10T10:10:55.5768221 INFO User entered: 2 for Bubble Sort
2022-06-10T10:10:59.7078058 INFO User entered: 3 for Insertion Sorter
2022-06-10T11:02:06.9019635 INFO User entered: 5 for Merge Sort
2022-06-10T11:02:18.8400461 INFO User entered: 2 for Bubble Sort
2022-06-10T11:02:29.2492156 INFO User entered: 1 for Binary Tree
2022-06-10T11:16:39.5765086 INFO User entered: 1 for Binary Tree
2022-06-10T11:18:16.8449883 INFO User entered: 1 for Binary Tree
2022-06-10T11:19:43.7047588 INFO User entered: 1 for Binary Tree
2022-06-10T11:19:52.9689899 INFO User entered: 3 for Insertion Sorter
2022-06-10T12:08:54.693911 INFO User entered incorrect value at Main Menu
2022-06-10T12:09:29.9627966 INFO User entered incorrect value at Main Menu
2022-06-10T12:09:51.3612131 INFO User entered incorrect value at Main Menu
2022-06-10T12:10:05.9851901 INFO User entered incorrect value at Main Menu
