
2022-06-10T17:33:21.3386695 INFO User chose 1 to run program
2022-06-10T17:33:30.9714027 INFO User chose Binary Tree and an array length of 1
2022-06-10T17:33:30.9723996 INFO Random array generated: Length: 1 Range: 999. 
2022-06-10T17:33:30.9733986 INFO Sorted using Binary Tree
2022-06-10T17:33:30.9743942 INFO User chose 1 to run program
2022-06-10T17:33:48.1535079 INFO User typed 0
2022-06-10T17:33:48.1545045 WARNING Program threw MenuInputException 
2022-06-10T17:33:59.377492 INFO Program exited
2022-06-10T17:35:09.17854 INFO User chose 1 to run program
2022-06-10T17:35:13.0432108 INFO User chose Binary Tree and an array length of 10
2022-06-10T17:35:13.0442081 INFO Random array generated: Length: 10 Range: 999. 
2022-06-10T17:35:13.0452054 INFO Sorted using Binary Tree
2022-06-10T17:35:13.0462027 INFO User chose 1 to run program
2022-06-10T17:35:33.3054931 INFO User chose Binary Tree and an array length of 1
2022-06-10T17:35:33.3054931 INFO Random array generated: Length: 1 Range: 999. 
2022-06-10T17:35:33.3064911 INFO Sorted using Binary Tree
2022-06-10T17:35:33.3064911 INFO User chose 1 to run program
2022-06-10T17:35:41.4647332 INFO User typed 20
2022-06-10T17:35:41.4657306 WARNING Program threw MenuInputException 
2022-06-10T17:35:43.6020007 INFO User chose 1 to run program
2022-06-10T17:35:48.3123783 INFO User chose Binary Tree and an array length of 10
2022-06-10T17:35:48.3133755 INFO Random array generated: Length: 10 Range: 999. 
2022-06-10T17:35:48.3133755 INFO Sorted using Binary Tree
2022-06-10T17:35:48.3143738 INFO User chose 1 to run program
2022-06-10T17:37:34.3122528 INFO User chose 1 to run program
2022-06-10T17:37:53.0112364 INFO User chose Binary Tree and an array length of 10
2022-06-10T17:37:53.0122334 INFO Random array generated: Length: 10 Range: 999. 
2022-06-10T17:37:53.0122334 INFO Sorted using Binary Tree
2022-06-10T17:37:53.0142279 INFO User chose 1 to run program
2022-06-10T17:37:58.0412647 INFO User typed 0
2022-06-10T17:37:58.0412647 WARNING Program threw MenuInputException 
2022-06-10T17:38:01.519485 INFO User chose 0 to exit
